2021-01-02: Error occured with 954463. See debug.log for more info.
item['href_url'] : /stinger-skinny-jeans-954463.html
old_item_properties['href_url'] : /stinger-skinny-jeans-954463.html?citrusId=display_ligaGz_ISySg6kfXWFh6t6rAwTNSTzk4N0FBMzBIRkw%3D
2021-01-02: Error occured with 954466. See debug.log for more info.
item['href_url'] : /tim-slim-jeans-954466.html
old_item_properties['href_url'] : /tim-slim-jeans-954466.html?citrusId=display_6Rm3PKp5Qh0QcNOyTW_30DYu1_dSTzk4N0FBODhLU0w%3D
2021-01-02: Error occured with 1071528. See debug.log for more info.
item['href_url'] : /stinger-jeans-men-s-1071528.html
old_item_properties['href_url'] : /stinger-jeans-men-s-1071528.html?citrusId=display_6CvRzmN_EvWI4ldwgrKW2nwFDeVSTzk4N0FBMDFKVFU%3D
2021-01-02: Error occured with 1148564. See debug.log for more info.
item['href_url'] : /a-chopped-straight-jeans-1148564.html
old_item_properties['href_url'] : /a-chopped-straight-jeans-1148564.html?citrusId=display_CqbfPC5tAKLY3rRY9daiNSWDQ11BQjgyM0FBMTVYTUE%3D
2021-01-02: Error occured with 1103974. See debug.log for more info.
item['href_url'] : /ray-tapered-jeans-1103974.html?citrusId=display_qKw76F77nj9KY63XuN7VypvCgnBORTAzMUFBMjBPV1g%3D
old_item_properties['href_url'] : /ray-tapered-jeans-1103974.html
2021-01-02: Error occured with 1103974. See debug.log for more info.
item['href_url'] : /ray-tapered-jeans-1103974.html?citrusId=display_EF9bNJy17NErAH3rq43n0PeMpvJORTAzMUFBMjBPV1g%3D
old_item_properties['href_url'] : /ray-tapered-jeans-1103974.html
2021-01-02: Error occured with 1071548. See debug.log for more info.
item['href_url'] : /men-at-work-oxford-shirt-1071548.html
old_item_properties['href_url'] : /men-at-work-oxford-shirt-1071548.html?citrusId=display_9TfbGUsmiCMYv3WwwDCmBOKfU5VSTzk4N0FBNDJVWEQ%3D
2021-01-02: Error occured with 1148560. See debug.log for more info.
item['href_url'] : /a-dropped-skinny-shorts-1148560.html
old_item_properties['href_url'] : /a-dropped-skinny-shorts-1148560.html?citrusId=display_1gioscqgGrEh242bJGjlQet4jPZBQjgyM0FBODVUUVc%3D
2021-01-02: Error occured with 954471. See debug.log for more info.
item['href_url'] : /stinger-shorts-954471.html
old_item_properties['href_url'] : /stinger-shorts-954471.html?citrusId=display_sV682Z2Uo9d59MDFFJgEOiazbuxSTzk4N0FBNTRNS0Y%3D
2021-01-02: Error occured with 1104790. See debug.log for more info.
item['href_url'] : /ua-rival-fleece-3-logo-hoodie-1104790.html
old_item_properties['href_url'] : /ua-rival-fleece-3-logo-hoodie-1104790.html?citrusId=display_k3DtCN316wGEtsT_nNEnft6GQYhVTjY2OFNBNTVBVU0%3D
2021-01-02: Error occured with 954463. See debug.log for more info.
item['href_url'] : /stinger-skinny-jeans-954463.html
old_item_properties['href_url'] : /stinger-skinny-jeans-954463.html?citrusId=display_ligaGz_ISySg6kfXWFh6t6rAwTNSTzk4N0FBMzBIRkw%3D
2021-01-02: Error occured with 1103317. See debug.log for more info.
item['href_url'] : /a-slouch-jeans-1103317.html
old_item_properties['href_url'] : /a-slouch-jeans-1103317.html?citrusId=display_enabGdr15n4Nz3yl4FvGi0hfumBBQjgyM0FBOTRYSU4%3D
2021-01-02: Error occured with 1148538. See debug.log for more info.
item['href_url'] : /dusters-jeans-1148538.html
old_item_properties['href_url'] : /dusters-jeans-1148538.html?citrusId=display_Mf5z49ZPsP-HfTQt4JX_c4K-pclSTzk4N0FBNDFXRU8%3D
2021-01-02: Error occured with 1148541. See debug.log for more info.
item['href_url'] : /elle-jeans-1148541.html
old_item_properties['href_url'] : /elle-jeans-1148541.html?citrusId=display_zdxRRjRp8Yj53xZ57UU_sxEi5k5STzk4N0FBMzJaRkI%3D
2021-01-02: Error occured with 1148544. See debug.log for more info.
item['href_url'] : /dusters-bootcut-jeans-1148544.html
old_item_properties['href_url'] : /dusters-bootcut-jeans-1148544.html?citrusId=display_02z5RJlUmK89lkCb6RN8yJSFvi5STzk4N0FBMThWSEg%3D
2021-01-02: Error occured with 1103315. See debug.log for more info.
item['href_url'] : /a-venice-straight-jeans-1103315.html
old_item_properties['href_url'] : /a-venice-straight-jeans-1103315.html?citrusId=display_uekScGlKHkJSML_7WR99t_nbnV5BQjgyM0FBNTBYWUI%3D
2021-01-02: Error occured with 774369. See debug.log for more info.
item['href_url'] : /pure-stretch-thong-3-pack-774369.html
old_item_properties['href_url'] : /pure-stretch-thong-3-pack-774369.html?citrusId=display_y0LrDX9YQ5BocnnzbYYoprbB9OJVTjY2OFNBODFITlU%3D
2021-01-02: Error occured with 774370. See debug.log for more info.
item['href_url'] : /pure-stretch-thong-3-pack-774370.html
old_item_properties['href_url'] : /pure-stretch-thong-3-pack-774370.html?citrusId=display_DkA1lYShPzIx3ZKdNpRh2oQm6klVTjY2OFNBMjlVREU%3D
2021-01-02: Error occured with 1140410. See debug.log for more info.
item['href_url'] : /low-back-bodysuit-1140410.html
old_item_properties['href_url'] : /low-back-bodysuit-1140410.html?citrusId=display_D3tvmxU1yCmYzT3t2h9qroqBXoRDQTg2MkFDNzBOVlg%3D
2021-01-02: Error occured with 1148451. See debug.log for more info.
item['href_url'] : /original-shorts-1148451.html?citrusId=display_P2ni2EC1s9e-bUNFmrg-kJkABu5STzk4N0FBNTZTU0w%3D
old_item_properties['href_url'] : /original-shorts-1148451.html
2021-01-02: Error occured with 1103321. See debug.log for more info.
item['href_url'] : /a-miami-shorts-1103321.html
old_item_properties['href_url'] : /a-miami-shorts-1103321.html?citrusId=display_bYY6Slq-VfPR0yPXX9dbQdknKbZBQjgyM0FBNjhNRUQ%3D
2021-01-02: Error occured with 1103320. See debug.log for more info.
item['href_url'] : /a-venice-shorts-1103320.html
old_item_properties['href_url'] : /a-venice-shorts-1103320.html?citrusId=display_CVCWl33YNABInDFaimqgx0udQF1BQjgyM0FBMzNNRlk%3D
2021-01-02: Error occured with 1135149. See debug.log for more info.
item['href_url'] : /all-day-contour-shorts-1135149.html
old_item_properties['href_url'] : /all-day-contour-shorts-1135149.html?citrusId=display__Q_W6JkfJX21lXpSfDd2mLROsLJOVTEyNFNBNDhaV0g%3D
2021-01-02: Error occured with 1148450. See debug.log for more info.
item['href_url'] : /dusters-shorts-1148450.html
old_item_properties['href_url'] : /dusters-shorts-1148450.html?citrusId=display_ky2st1CJKa-hf_mEWj84eCg2K8BSTzk4N0FBMDdKRlM%3D
2021-01-02: Error occured with 1148548. See debug.log for more info.
item['href_url'] : /miller-baby-rib-tank-1148548.html
old_item_properties['href_url'] : /miller-baby-rib-tank-1148548.html?citrusId=display_XZC4Xz2txBZ1aMQv34jt0sCbhYdSTzk4N0FBNTVVQlM%3D
2021-01-02: Error occured with 1141807. See debug.log for more info.
item['href_url'] : /a-heather-singlet-1141807.html
old_item_properties['href_url'] : /a-heather-singlet-1141807.html?citrusId=display_JFLNdW2-UYmu1LEXbhFPpLP3GcxBQjgyM0FBMTdNSE0%3D
2021-01-02: Error occured with 1141809. See debug.log for more info.
item['href_url'] : /a-heather-singlet-1141809.html
old_item_properties['href_url'] : /a-heather-singlet-1141809.html?citrusId=display_0z-pnq5rXbXoGie5UaGmo-Ex-ldBQjgyM0FBMDZUU04%3D
2021-01-02: Error occured with 954463. See debug.log for more info.
item['href_url'] : /stinger-skinny-jeans-954463.html
old_item_properties['href_url'] : /stinger-skinny-jeans-954463.html?citrusId=display_QV63l9-_vYtOPanguvMUi0tY_AJSTzk4N0FBMzBIRkw%3D
2021-01-02: Error occured with 954466. See debug.log for more info.
item['href_url'] : /tim-slim-jeans-954466.html
old_item_properties['href_url'] : /tim-slim-jeans-954466.html?citrusId=display_yM8tTZqFSppTdsyiECGb3M2k2nVSTzk4N0FBODhLU0w%3D
2021-01-02: Error occured with 1071528. See debug.log for more info.
item['href_url'] : /stinger-jeans-men-s-1071528.html
old_item_properties['href_url'] : /stinger-jeans-men-s-1071528.html?citrusId=display_8Nqu-LMZAs2aHQFbU4et8VZ1ddVSTzk4N0FBMDFKVFU%3D
2021-01-02: Error occured with 1148564. See debug.log for more info.
item['href_url'] : /a-chopped-straight-jeans-1148564.html
old_item_properties['href_url'] : /a-chopped-straight-jeans-1148564.html?citrusId=display_ENYi0gMJEzzwMmGzmaHCHZrQ4W9BQjgyM0FBMTVYTUE%3D
2021-01-02: Error occured with 1103974. See debug.log for more info.
item['href_url'] : /ray-tapered-jeans-1103974.html?citrusId=display_ES8XPhyKWKarzLlvETlq3V4u0rxORTAzMUFBMjBPV1g%3D
old_item_properties['href_url'] : /ray-tapered-jeans-1103974.html
2021-01-02: Error occured with 1103974. See debug.log for more info.
item['href_url'] : /ray-tapered-jeans-1103974.html?citrusId=display_C5OtdSatxxEjLV-UduBZOTnJonBORTAzMUFBMjBPV1g%3D
old_item_properties['href_url'] : /ray-tapered-jeans-1103974.html
2021-01-02: Error occured with 1071548. See debug.log for more info.
item['href_url'] : /men-at-work-oxford-shirt-1071548.html
old_item_properties['href_url'] : /men-at-work-oxford-shirt-1071548.html?citrusId=display_JErvj8OSHaTWgQs3s2zaPEyChI1STzk4N0FBNDJVWEQ%3D
2021-01-02: Error occured with 1148560. See debug.log for more info.
item['href_url'] : /a-dropped-skinny-shorts-1148560.html
old_item_properties['href_url'] : /a-dropped-skinny-shorts-1148560.html?citrusId=display_6l_EGPNqoSioeQTutKQijWFRm1BBQjgyM0FBODVUUVc%3D
2021-01-02: Error occured with 954471. See debug.log for more info.
item['href_url'] : /stinger-shorts-954471.html
old_item_properties['href_url'] : /stinger-shorts-954471.html?citrusId=display_PPIvTJouBwVYEwtTQkbG0Cxy-o5STzk4N0FBNTRNS0Y%3D
2021-01-02: Error occured with 1148561. See debug.log for more info.
item['href_url'] : /a-cropped-slim-shorts-1148561.html
old_item_properties['href_url'] : /a-cropped-slim-shorts-1148561.html?citrusId=display_Qr5fm8MxVCN69YViw0Egc4A3HH5BQjgyM0FBNDhYREY%3D
2021-01-02: Error occured with 1104790. See debug.log for more info.
item['href_url'] : /ua-rival-fleece-3-logo-hoodie-1104790.html
old_item_properties['href_url'] : /ua-rival-fleece-3-logo-hoodie-1104790.html?citrusId=display_Ca4_YgH8f4YkvvLlN5XD_tR9ZC1VTjY2OFNBNTVBVU0%3D
2021-01-02: Error occured with 1103841. See debug.log for more info.
item['href_url'] : /mtv-tie-dye-tee-1103841.html
old_item_properties['href_url'] : /mtv-tie-dye-tee-1103841.html?citrusId=display_h8Ml6R1zwg5EpUe1lVZ79sbml5JSTzk4N0FBNjZTU0Y%3D
2021-01-02: Error occured with 954464. See debug.log for more info.
item['href_url'] : /stinger-skinny-jeans-954464.html?citrusId=display_ZCZ_ebRg3u5hZ2UEMizAaQtGxglSTzk4N0FBMTFSUlM%3D
old_item_properties['href_url'] : /stinger-skinny-jeans-954464.html
2021-01-02: Error occured with 954463. See debug.log for more info.
item['href_url'] : /stinger-skinny-jeans-954463.html
old_item_properties['href_url'] : /stinger-skinny-jeans-954463.html?citrusId=display_QV63l9-_vYtOPanguvMUi0tY_AJSTzk4N0FBMzBIRkw%3D
2021-01-02: Error occured with 1104820. See debug.log for more info.
item['href_url'] : /charged-cotton-3-pack-boxer-briefs-1104820.html
old_item_properties['href_url'] : /charged-cotton-3-pack-boxer-briefs-1104820.html?citrusId=display_dCxs1rfOnhx_6C_nr4gjoVga7SpVTjY2OFNBMzNHVlU%3D
2021-01-02: Error occured with 1148562. See debug.log for more info.
item['href_url'] : /a-dropped-slim-turn-up-jeans-1148562.html
old_item_properties['href_url'] : /a-dropped-slim-turn-up-jeans-1148562.html?citrusId=display_PZFS9IXU_oqIG4LkzKJqF66D5OpBQjgyM0FBMzNRVVM%3D
2021-01-02: Error occured with 1103317. See debug.log for more info.
item['href_url'] : /a-slouch-jeans-1103317.html
old_item_properties['href_url'] : /a-slouch-jeans-1103317.html?citrusId=display_mfmZhbDTqyYwzkIHWz6Ktgs5CIZBQjgyM0FBOTRYSU4%3D
2021-01-02: Error occured with 1148541. See debug.log for more info.
item['href_url'] : /elle-jeans-1148541.html
old_item_properties['href_url'] : /elle-jeans-1148541.html?citrusId=display_4GsiyZrdrw0pXkIsSravAt_bIq9STzk4N0FBMzJaRkI%3D
2021-01-02: Error occured with 1148544. See debug.log for more info.
item['href_url'] : /dusters-bootcut-jeans-1148544.html
old_item_properties['href_url'] : /dusters-bootcut-jeans-1148544.html?citrusId=display_mTRhShRuF-tVBLTbnlpO7W72_ANSTzk4N0FBMThWSEg%3D
2021-01-02: Error occured with 1103315. See debug.log for more info.
item['href_url'] : /a-venice-straight-jeans-1103315.html
old_item_properties['href_url'] : /a-venice-straight-jeans-1103315.html?citrusId=display_3nU7MU06UOpAzk4l3FrWd4FU1xxBQjgyM0FBNTBYWUI%3D
2021-01-02: Error occured with 1148542. See debug.log for more info.
item['href_url'] : /sailor-jeans-1148542.html
old_item_properties['href_url'] : /sailor-jeans-1148542.html?citrusId=display_nVos1w5JOi39IiD4r0axkVIg5FpSTzk4N0FBNjNTWk8%3D
2021-01-02: Error occured with 774369. See debug.log for more info.
item['href_url'] : /pure-stretch-thong-3-pack-774369.html
old_item_properties['href_url'] : /pure-stretch-thong-3-pack-774369.html?citrusId=display_QLWukAtIrZ63J14Yy7gD5vHqqQFVTjY2OFNBODFITlU%3D
2021-01-02: Error occured with 774370. See debug.log for more info.
item['href_url'] : /pure-stretch-thong-3-pack-774370.html
old_item_properties['href_url'] : /pure-stretch-thong-3-pack-774370.html?citrusId=display_dwlMGHVBTVNRouJ-aRnGQZwKMNxVTjY2OFNBMjlVREU%3D
2021-01-02: Error occured with 1140410. See debug.log for more info.
item['href_url'] : /low-back-bodysuit-1140410.html
old_item_properties['href_url'] : /low-back-bodysuit-1140410.html?citrusId=display_SnxBz-P_OhLj9rNrZ0Bd2coOCEpDQTg2MkFDNzBOVlg%3D
2021-01-02: Error occured with 1148451. See debug.log for more info.
item['href_url'] : /original-shorts-1148451.html?citrusId=display_5nuE-7Ge19wPZd4LmDwenrQP-8FSTzk4N0FBNTZTU0w%3D
old_item_properties['href_url'] : /original-shorts-1148451.html
2021-01-02: Error occured with 958391. See debug.log for more info.
item['href_url'] : /dusters-shorts-958391.html
old_item_properties['href_url'] : /dusters-shorts-958391.html?citrusId=display_k0vtNfBeBHUbpEXa__2TjrcAPG5STzk4N0FBNTlWVVk%3D
2021-01-02: Error occured with 1103321. See debug.log for more info.
item['href_url'] : /a-miami-shorts-1103321.html
old_item_properties['href_url'] : /a-miami-shorts-1103321.html?citrusId=display_Dfq20S91kvdVNijg_tK9UPwgsdNBQjgyM0FBNjhNRUQ%3D
2021-01-02: Error occured with 1103320. See debug.log for more info.
item['href_url'] : /a-venice-shorts-1103320.html
old_item_properties['href_url'] : /a-venice-shorts-1103320.html?citrusId=display_VK917ZDzPmwc_XjO2oTt9p9UxQFBQjgyM0FBMzNNRlk%3D
2021-01-02: Error occured with 1135149. See debug.log for more info.
item['href_url'] : /all-day-contour-shorts-1135149.html
old_item_properties['href_url'] : /all-day-contour-shorts-1135149.html?citrusId=display_hgcbSAeftT9YkWbhxgL5Yzitx0FOVTEyNFNBNDhaV0g%3D
2021-01-02: Error occured with 1135167. See debug.log for more info.
item['href_url'] : /power-workout-shorts-1135167.html
old_item_properties['href_url'] : /power-workout-shorts-1135167.html?citrusId=display_aFZwUKr6mIpAWW5IYrUT-m3TO75OVTEyNFNBMTBaVkQ%3D
2021-01-02: Error occured with 1148550. See debug.log for more info.
item['href_url'] : /logo-split-sweater-1148550.html
old_item_properties['href_url'] : /logo-split-sweater-1148550.html?citrusId=display_q7HHusUkoVddd5Hm1_BUpGuajtRSTzk4N0FBMDNTUE8%3D
2021-01-02: Error occured with 1193406. See debug.log for more info.
item['href_url'] : /sea-dive-bralette-bikini-top-1193406.html
old_item_properties['href_url'] : /sea-dive-bralette-bikini-top-1193406.html?citrusId=display_KfimnRXJr6ueeiNt7hhY8q_SfM5TRTE5OEFBMTZYSVQ%3D
2021-01-02: Error occured with 1148548. See debug.log for more info.
item['href_url'] : /miller-baby-rib-tank-1148548.html
old_item_properties['href_url'] : /miller-baby-rib-tank-1148548.html?citrusId=display_GRMiCQgugLYYvfCzD0EjhcMksO5STzk4N0FBNTVVQlM%3D
2021-01-02: Error occured with 1103323. See debug.log for more info.
item['href_url'] : /a-90s-crop-tee-1103323.html
old_item_properties['href_url'] : /a-90s-crop-tee-1103323.html?citrusId=display_Fuw8mii5dZW0M6GtnCTOzmMp2TRBQjgyM0FBOTBYSEQ%3D
2021-01-02: Error occured with 1141807. See debug.log for more info.
item['href_url'] : /a-heather-singlet-1141807.html
old_item_properties['href_url'] : /a-heather-singlet-1141807.html?citrusId=display_jkrT9qc_4-ebbvKR7pm8MKLD_4hBQjgyM0FBMTdNSE0%3D
2021-01-02: Error occured with 958391. See debug.log for more info.
item['href_url'] : /dusters-shorts-958391.html
old_item_properties['href_url'] : /dusters-shorts-958391.html?citrusId=display_k0vtNfBeBHUbpEXa__2TjrcAPG5STzk4N0FBNTlWVVk%3D
